<?xml version="1.0" encoding="UTF-8"?>
<!-- Generated by org.testng.reporters.JUnitReportReporter -->
<testsuite hostname="DESKTOP-U9P23DR" name="com.cms.TestScripts.VerifyLogin" tests="1" failures="0" timestamp="6 Feb 2017 11:23:07 GMT" time="20.386" errors="0">
  <testcase name="VerifyLoginCrossOverPage" time="20.386" classname="com.cms.TestScripts.VerifyLogin"/>
</testsuite> <!-- com.cms.TestScripts.VerifyLogin -->
